<?xml version="1.0" encoding="UTF-8"?>
<testng-results ignored="0" total="1" passed="1" failed="0" skipped="0">
  <reporter-output>
    <line>
      <![CDATA[customer has been created]]>
    </line>
  </reporter-output>
  <suite started-at="2025-06-27T07:08:41 IST" name="Suite" finished-at="2025-06-27T07:08:41 IST" duration-ms="211">
    <groups>
    </groups>
    <test started-at="2025-06-27T07:08:41 IST" name="Test" finished-at="2025-06-27T07:08:41 IST" duration-ms="211">
      <class name="testscript.CustomerModule">
        <test-method signature="createCustomer()[pri:0, instance:testscript.CustomerModule@3349e9bb]" started-at="2025-06-27T07:08:41 IST" name="createCustomer" finished-at="2025-06-27T07:08:41 IST" duration-ms="52" status="PASS">
          <reporter-output>
            <line>
              <![CDATA[customer has been created]]>
            </line>
          </reporter-output>
        </test-method> <!-- createCustomer -->
      </class> <!-- testscript.CustomerModule -->
    </test> <!-- Test -->
  </suite> <!-- Suite -->
</testng-results>
